2023-11-03T14:05:46.371Z   +966ms [debug] Config loaded {"version":"2.32.2","cdkVersion":"2.101.1","constructsVersion":"10.2.69","config":{"name":"eastgate-website","region":"eu-west-2","profile":"eastgate","stage":"neil-dev","ssmPrefix":"/sst/eastgate-website/neil-dev/"},"metafile":{"inputs":{"sst.config.ts":{"bytes":251,"imports":[{"path":"sst/constructs","kind":"import-statement","external":true}],"format":"esm"}},"outputs":{".sst.config.1699020345414.mjs":{"imports":[{"path":"sst/constructs","kind":"import-statement","external":true}],"exports":["default"],"entryPoint":"sst.config.ts","inputs":{"sst.config.ts":{"bytesInOutput":183}},"bytes":365}}},"paths":{"config":"/Users/neilbalcombe/eastgate-digital/eastgate-website/sst.config.ts","root":"/Users/neilbalcombe/eastgate-digital/eastgate-website","out":"/Users/neilbalcombe/eastgate-digital/eastgate-website/.sst","artifacts":"/Users/neilbalcombe/eastgate-digital/eastgate-website/.sst/artifacts"}}
2023-11-03T14:05:46.501Z   +130ms [debug] Using AWS profile eastgate
2023-11-03T14:05:46.502Z     +1ms [debug] Created AWS client IoTClient
2023-11-03T14:05:46.502Z     +0ms [debug] Getting IoT endpoint
2023-11-03T14:05:46.510Z     +8ms [debug] Synthesizing stacks...
2023-11-03T14:05:46.515Z     +5ms [debug] Created AWS client STSClient
2023-11-03T14:05:46.574Z    +59ms [debug] Using IoT endpoint: a3625g4mj32b67-ats.iot.eu-west-2.amazonaws.com
2023-11-03T14:05:46.574Z     +0ms [debug] Initializing bootstrap context
2023-11-03T14:05:46.574Z     +0ms [debug] Created AWS client CloudFormationClient
2023-11-03T14:05:46.584Z    +10ms [debug] Using identity Account: 221079524367 User: AIDATG6K52QH6YZSX3ZOW
2023-11-03T14:05:46.587Z     +3ms [debug] Generating types in /Users/neilbalcombe/eastgate-digital/eastgate-website/.sst/types
2023-11-03T14:05:46.657Z    +70ms [debug] Running 1 deferred tasks with concurrency: 7
2023-11-03T14:05:46.806Z   +149ms [debug] Loaded bootstrap status
2023-11-03T14:05:46.806Z     +0ms [debug] Bootstrap context initialized {"status":"ready","version":"7.2","bucket":"sstbootstrap-euwest292dc64b9-1iwxg6hhqk95s"}
2023-11-03T14:05:46.806Z     +0ms [debug] Created AWS client S3Client
2023-11-03T14:05:46.894Z    +88ms [debug] 
2023-11-03T14:05:46.894Z     +0ms [debug] Loading v2 AWS SDK
2023-11-03T14:05:46.894Z     +0ms [debug] Finished synthesizing
2023-11-03T14:05:46.989Z    +95ms [debug] IoT connected
2023-11-03T14:05:47.020Z    +31ms [debug] Created AWS client LambdaClient
2023-11-03T19:05:01.904Z +17954884ms [debug] IoT error {"errno":-54,"code":"ECONNRESET","syscall":"read","type":"error","target":{"_events":{},"_eventsCount":0,"readyState":3,"bytesReceived":197,"extensions":null,"protocol":"mqttv3.1","_binaryType":"arraybuffer","_closeFrameReceived":false,"_closeFrameSent":false,"_closeMessage":"","_closeTimer":null,"_finalized":true,"_closeCode":1006,"_receiver":null,"_sender":null,"_socket":null,"_ultron":null,"protocolVersion":13,"_isServer":false,"url":"wss://a3625g4mj32b67-ats.iot.eu-west-2.amazonaws.com/mqtt?X-Amz-Algorithm=AWS4-HMAC-SHA256&X-Amz-Credential=AKIATG6K52QH2K6XCFDB%2F20231103%2Feu-west-2%2Fiotdevicegateway%2Faws4_request&X-Amz-Date=20231103T140546Z&X-Amz-SignedHeaders=host&X-Amz-Signature=4b8d6a90c0e8885dc34d7548885accc545de5855ecaa5b232ce3ad9b90bc1501","_req":null}}
2023-11-03T19:05:01.919Z    +15ms [debug] IoT closed
2023-11-03T19:05:02.923Z  +1004ms [debug] IoT reconnected
2023-11-03T19:05:03.070Z   +147ms [debug] IoT connected
2023-11-03T20:11:11.081Z +3968011ms [debug] IoT error {"errno":-54,"code":"ECONNRESET","syscall":"read","type":"error","target":{"_events":{},"_eventsCount":0,"readyState":3,"bytesReceived":13,"extensions":null,"protocol":"mqttv3.1","_binaryType":"arraybuffer","_closeFrameReceived":false,"_closeFrameSent":false,"_closeMessage":"","_closeTimer":null,"_finalized":true,"_closeCode":1006,"_receiver":null,"_sender":null,"_socket":null,"_ultron":null,"protocolVersion":13,"_isServer":false,"url":"wss://a3625g4mj32b67-ats.iot.eu-west-2.amazonaws.com/mqtt?X-Amz-Algorithm=AWS4-HMAC-SHA256&X-Amz-Credential=AKIATG6K52QH2K6XCFDB%2F20231103%2Feu-west-2%2Fiotdevicegateway%2Faws4_request&X-Amz-Date=20231103T190502Z&X-Amz-SignedHeaders=host&X-Amz-Signature=8fdb97a9fc8006158fff645606c158ff52bc01bfb54af0a9fdea753858115c9c","_req":null}}
2023-11-03T20:11:11.082Z     +1ms [debug] IoT closed
2023-11-03T20:11:12.147Z  +1065ms [debug] IoT reconnected
2023-11-03T20:11:12.310Z   +163ms [debug] IoT connected
2023-11-03T21:17:20.024Z +3967714ms [debug] IoT error {"errno":-54,"code":"ECONNRESET","syscall":"read","type":"error","target":{"_events":{},"_eventsCount":0,"readyState":3,"bytesReceived":13,"extensions":null,"protocol":"mqttv3.1","_binaryType":"arraybuffer","_closeFrameReceived":false,"_closeFrameSent":false,"_closeMessage":"","_closeTimer":null,"_finalized":true,"_closeCode":1006,"_receiver":null,"_sender":null,"_socket":null,"_ultron":null,"protocolVersion":13,"_isServer":false,"url":"wss://a3625g4mj32b67-ats.iot.eu-west-2.amazonaws.com/mqtt?X-Amz-Algorithm=AWS4-HMAC-SHA256&X-Amz-Credential=AKIATG6K52QH2K6XCFDB%2F20231103%2Feu-west-2%2Fiotdevicegateway%2Faws4_request&X-Amz-Date=20231103T201112Z&X-Amz-SignedHeaders=host&X-Amz-Signature=b6dc28490dc81b82921710233aa5994607d109a95ef232ef78dca7dd13600aae","_req":null}}
2023-11-03T21:17:20.025Z     +1ms [debug] IoT closed
2023-11-03T21:17:20.964Z   +939ms [debug] IoT reconnected
2023-11-03T21:17:21.089Z   +125ms [debug] IoT connected
2023-11-03T22:23:13.533Z +3952444ms [debug] IoT error {"errno":-54,"code":"ECONNRESET","syscall":"read","type":"error","target":{"_events":{},"_eventsCount":0,"readyState":3,"bytesReceived":13,"extensions":null,"protocol":"mqttv3.1","_binaryType":"arraybuffer","_closeFrameReceived":false,"_closeFrameSent":false,"_closeMessage":"","_closeTimer":null,"_finalized":true,"_closeCode":1006,"_receiver":null,"_sender":null,"_socket":null,"_ultron":null,"protocolVersion":13,"_isServer":false,"url":"wss://a3625g4mj32b67-ats.iot.eu-west-2.amazonaws.com/mqtt?X-Amz-Algorithm=AWS4-HMAC-SHA256&X-Amz-Credential=AKIATG6K52QH2K6XCFDB%2F20231103%2Feu-west-2%2Fiotdevicegateway%2Faws4_request&X-Amz-Date=20231103T211720Z&X-Amz-SignedHeaders=host&X-Amz-Signature=62e00def65e43061ffb6bf2c5941098f8e1ba1538979086ec140c61c7b3c91f0","_req":null}}
2023-11-03T22:23:13.535Z     +2ms [debug] IoT closed
2023-11-03T22:23:14.415Z   +880ms [debug] IoT reconnected
2023-11-03T22:23:14.545Z   +130ms [debug] IoT connected
2023-11-03T23:29:14.767Z +3960222ms [debug] IoT error {"errno":-54,"code":"ECONNRESET","syscall":"read","type":"error","target":{"_events":{},"_eventsCount":0,"readyState":3,"bytesReceived":13,"extensions":null,"protocol":"mqttv3.1","_binaryType":"arraybuffer","_closeFrameReceived":false,"_closeFrameSent":false,"_closeMessage":"","_closeTimer":null,"_finalized":true,"_closeCode":1006,"_receiver":null,"_sender":null,"_socket":null,"_ultron":null,"protocolVersion":13,"_isServer":false,"url":"wss://a3625g4mj32b67-ats.iot.eu-west-2.amazonaws.com/mqtt?X-Amz-Algorithm=AWS4-HMAC-SHA256&X-Amz-Credential=AKIATG6K52QH2K6XCFDB%2F20231103%2Feu-west-2%2Fiotdevicegateway%2Faws4_request&X-Amz-Date=20231103T222314Z&X-Amz-SignedHeaders=host&X-Amz-Signature=a8fdec924a0e6b5240d425de43c112c54577757196910f9391d189adfc4e7aff","_req":null}}
2023-11-03T23:29:14.770Z     +3ms [debug] IoT closed
2023-11-03T23:29:15.772Z  +1002ms [debug] IoT reconnected
2023-11-03T23:29:15.913Z   +141ms [debug] IoT connected
2023-11-04T00:35:10.937Z +3955024ms [debug] IoT error {"errno":-54,"code":"ECONNRESET","syscall":"read","type":"error","target":{"_events":{},"_eventsCount":0,"readyState":3,"bytesReceived":13,"extensions":null,"protocol":"mqttv3.1","_binaryType":"arraybuffer","_closeFrameReceived":false,"_closeFrameSent":false,"_closeMessage":"","_closeTimer":null,"_finalized":true,"_closeCode":1006,"_receiver":null,"_sender":null,"_socket":null,"_ultron":null,"protocolVersion":13,"_isServer":false,"url":"wss://a3625g4mj32b67-ats.iot.eu-west-2.amazonaws.com/mqtt?X-Amz-Algorithm=AWS4-HMAC-SHA256&X-Amz-Credential=AKIATG6K52QH2K6XCFDB%2F20231103%2Feu-west-2%2Fiotdevicegateway%2Faws4_request&X-Amz-Date=20231103T232915Z&X-Amz-SignedHeaders=host&X-Amz-Signature=ce7efc7719bf3d29a26fc05e84b43587ac93a7c23c0c26b17f8c81945cd7d689","_req":null}}
2023-11-04T00:35:10.938Z     +1ms [debug] IoT closed
2023-11-04T00:35:12.370Z  +1432ms [debug] IoT reconnected
2023-11-04T00:35:12.487Z   +117ms [debug] IoT connected
2023-11-04T01:41:20.488Z +3968001ms [debug] IoT error {"errno":-54,"code":"ECONNRESET","syscall":"read","type":"error","target":{"_events":{},"_eventsCount":0,"readyState":3,"bytesReceived":13,"extensions":null,"protocol":"mqttv3.1","_binaryType":"arraybuffer","_closeFrameReceived":false,"_closeFrameSent":false,"_closeMessage":"","_closeTimer":null,"_finalized":true,"_closeCode":1006,"_receiver":null,"_sender":null,"_socket":null,"_ultron":null,"protocolVersion":13,"_isServer":false,"url":"wss://a3625g4mj32b67-ats.iot.eu-west-2.amazonaws.com/mqtt?X-Amz-Algorithm=AWS4-HMAC-SHA256&X-Amz-Credential=AKIATG6K52QH2K6XCFDB%2F20231104%2Feu-west-2%2Fiotdevicegateway%2Faws4_request&X-Amz-Date=20231104T003512Z&X-Amz-SignedHeaders=host&X-Amz-Signature=b835adcfda1a8135bc14f8bb4e6e2b34905941adc0d5dab633e807112d296472","_req":null}}
2023-11-04T01:41:20.489Z     +1ms [debug] IoT closed
2023-11-04T01:41:21.376Z   +887ms [debug] IoT reconnected
2023-11-04T01:41:21.509Z   +133ms [debug] IoT connected
2023-11-04T02:05:56.255Z +1474746ms [debug] IoT error {"errno":-54,"code":"ECONNRESET","syscall":"read","type":"error","target":{"_events":{},"_eventsCount":0,"readyState":3,"bytesReceived":13,"extensions":null,"protocol":"mqttv3.1","_binaryType":"arraybuffer","_closeFrameReceived":false,"_closeFrameSent":false,"_closeMessage":"","_closeTimer":null,"_finalized":true,"_closeCode":1006,"_receiver":null,"_sender":null,"_socket":null,"_ultron":null,"protocolVersion":13,"_isServer":false,"url":"wss://a3625g4mj32b67-ats.iot.eu-west-2.amazonaws.com/mqtt?X-Amz-Algorithm=AWS4-HMAC-SHA256&X-Amz-Credential=AKIATG6K52QH2K6XCFDB%2F20231104%2Feu-west-2%2Fiotdevicegateway%2Faws4_request&X-Amz-Date=20231104T014121Z&X-Amz-SignedHeaders=host&X-Amz-Signature=0643c6a394c3fad8a2a6e64be8ffbc8df04e02ddc1afc75b20af846077d6cb12","_req":null}}
2023-11-04T02:05:56.255Z     +0ms [debug] IoT closed
2023-11-04T02:05:57.257Z  +1002ms [debug] IoT reconnected
2023-11-04T02:05:57.357Z   +100ms [debug] IoT connected
2023-11-04T03:12:04.853Z +3967496ms [debug] IoT error {"errno":-54,"code":"ECONNRESET","syscall":"read","type":"error","target":{"_events":{},"_eventsCount":0,"readyState":3,"bytesReceived":13,"extensions":null,"protocol":"mqttv3.1","_binaryType":"arraybuffer","_closeFrameReceived":false,"_closeFrameSent":false,"_closeMessage":"","_closeTimer":null,"_finalized":true,"_closeCode":1006,"_receiver":null,"_sender":null,"_socket":null,"_ultron":null,"protocolVersion":13,"_isServer":false,"url":"wss://a3625g4mj32b67-ats.iot.eu-west-2.amazonaws.com/mqtt?X-Amz-Algorithm=AWS4-HMAC-SHA256&X-Amz-Credential=AKIATG6K52QH2K6XCFDB%2F20231104%2Feu-west-2%2Fiotdevicegateway%2Faws4_request&X-Amz-Date=20231104T020557Z&X-Amz-SignedHeaders=host&X-Amz-Signature=7bca8ec52ae3192e533443b8b5edcad846a2e53f52cd0f2bbdd6d8598949fe0e","_req":null}}
2023-11-04T03:12:04.854Z     +1ms [debug] IoT closed
2023-11-04T03:12:05.856Z  +1002ms [debug] IoT reconnected
2023-11-04T03:12:05.975Z   +119ms [debug] IoT connected
2023-11-04T04:18:06.418Z +3960443ms [debug] IoT error {"errno":-54,"code":"ECONNRESET","syscall":"read","type":"error","target":{"_events":{},"_eventsCount":0,"readyState":3,"bytesReceived":13,"extensions":null,"protocol":"mqttv3.1","_binaryType":"arraybuffer","_closeFrameReceived":false,"_closeFrameSent":false,"_closeMessage":"","_closeTimer":null,"_finalized":true,"_closeCode":1006,"_receiver":null,"_sender":null,"_socket":null,"_ultron":null,"protocolVersion":13,"_isServer":false,"url":"wss://a3625g4mj32b67-ats.iot.eu-west-2.amazonaws.com/mqtt?X-Amz-Algorithm=AWS4-HMAC-SHA256&X-Amz-Credential=AKIATG6K52QH2K6XCFDB%2F20231104%2Feu-west-2%2Fiotdevicegateway%2Faws4_request&X-Amz-Date=20231104T031205Z&X-Amz-SignedHeaders=host&X-Amz-Signature=8033c060d269f8d9d5320562c326cc4e8423951912f02519daf913697cf7d35b","_req":null}}
2023-11-04T04:18:06.420Z     +2ms [debug] IoT closed
2023-11-04T04:18:07.422Z  +1002ms [debug] IoT reconnected
2023-11-04T04:18:07.563Z   +141ms [debug] IoT connected
2023-11-04T05:24:00.158Z +3952595ms [debug] IoT error {"errno":-54,"code":"ECONNRESET","syscall":"read","type":"error","target":{"_events":{},"_eventsCount":0,"readyState":3,"bytesReceived":13,"extensions":null,"protocol":"mqttv3.1","_binaryType":"arraybuffer","_closeFrameReceived":false,"_closeFrameSent":false,"_closeMessage":"","_closeTimer":null,"_finalized":true,"_closeCode":1006,"_receiver":null,"_sender":null,"_socket":null,"_ultron":null,"protocolVersion":13,"_isServer":false,"url":"wss://a3625g4mj32b67-ats.iot.eu-west-2.amazonaws.com/mqtt?X-Amz-Algorithm=AWS4-HMAC-SHA256&X-Amz-Credential=AKIATG6K52QH2K6XCFDB%2F20231104%2Feu-west-2%2Fiotdevicegateway%2Faws4_request&X-Amz-Date=20231104T041807Z&X-Amz-SignedHeaders=host&X-Amz-Signature=58c81672b30a0fc1bcd025445841334f345a7d53945fa60381f241f1e3530ebb","_req":null}}
2023-11-04T05:24:00.159Z     +1ms [debug] IoT closed
2023-11-04T05:24:01.160Z  +1001ms [debug] IoT reconnected
2023-11-04T05:24:01.281Z   +121ms [debug] IoT connected
2023-11-04T06:29:58.807Z +3957526ms [debug] IoT error {"errno":-54,"code":"ECONNRESET","syscall":"read","type":"error","target":{"_events":{},"_eventsCount":0,"readyState":3,"bytesReceived":13,"extensions":null,"protocol":"mqttv3.1","_binaryType":"arraybuffer","_closeFrameReceived":false,"_closeFrameSent":false,"_closeMessage":"","_closeTimer":null,"_finalized":true,"_closeCode":1006,"_receiver":null,"_sender":null,"_socket":null,"_ultron":null,"protocolVersion":13,"_isServer":false,"url":"wss://a3625g4mj32b67-ats.iot.eu-west-2.amazonaws.com/mqtt?X-Amz-Algorithm=AWS4-HMAC-SHA256&X-Amz-Credential=AKIATG6K52QH2K6XCFDB%2F20231104%2Feu-west-2%2Fiotdevicegateway%2Faws4_request&X-Amz-Date=20231104T052401Z&X-Amz-SignedHeaders=host&X-Amz-Signature=99ab7c508f3a597f7487bb0674d84cb6bc9684c06d445bac72c1fe304d814856","_req":null}}
2023-11-04T06:29:58.808Z     +1ms [debug] IoT closed
2023-11-04T06:29:59.810Z  +1002ms [debug] IoT reconnected
2023-11-04T06:29:59.923Z   +113ms [debug] IoT connected
2023-11-04T07:35:52.600Z +3952677ms [debug] IoT error {"errno":-54,"code":"ECONNRESET","syscall":"read","type":"error","target":{"_events":{},"_eventsCount":0,"readyState":3,"bytesReceived":13,"extensions":null,"protocol":"mqttv3.1","_binaryType":"arraybuffer","_closeFrameReceived":false,"_closeFrameSent":false,"_closeMessage":"","_closeTimer":null,"_finalized":true,"_closeCode":1006,"_receiver":null,"_sender":null,"_socket":null,"_ultron":null,"protocolVersion":13,"_isServer":false,"url":"wss://a3625g4mj32b67-ats.iot.eu-west-2.amazonaws.com/mqtt?X-Amz-Algorithm=AWS4-HMAC-SHA256&X-Amz-Credential=AKIATG6K52QH2K6XCFDB%2F20231104%2Feu-west-2%2Fiotdevicegateway%2Faws4_request&X-Amz-Date=20231104T062959Z&X-Amz-SignedHeaders=host&X-Amz-Signature=f649437dede15b3e6ac1c6a9b926857daf37e2af3dc2c2382233182ad8bf799f","_req":null}}
2023-11-04T07:35:52.601Z     +1ms [debug] IoT closed
2023-11-04T07:35:53.604Z  +1003ms [debug] IoT reconnected
2023-11-04T07:35:53.741Z   +137ms [debug] IoT connected
2023-11-04T08:42:01.680Z +3967939ms [debug] IoT error {"errno":-54,"code":"ECONNRESET","syscall":"read","type":"error","target":{"_events":{},"_eventsCount":0,"readyState":3,"bytesReceived":13,"extensions":null,"protocol":"mqttv3.1","_binaryType":"arraybuffer","_closeFrameReceived":false,"_closeFrameSent":false,"_closeMessage":"","_closeTimer":null,"_finalized":true,"_closeCode":1006,"_receiver":null,"_sender":null,"_socket":null,"_ultron":null,"protocolVersion":13,"_isServer":false,"url":"wss://a3625g4mj32b67-ats.iot.eu-west-2.amazonaws.com/mqtt?X-Amz-Algorithm=AWS4-HMAC-SHA256&X-Amz-Credential=AKIATG6K52QH2K6XCFDB%2F20231104%2Feu-west-2%2Fiotdevicegateway%2Faws4_request&X-Amz-Date=20231104T073553Z&X-Amz-SignedHeaders=host&X-Amz-Signature=75e1ca716dd567fa550097267cbd88a9b18a5d6480d9da2659747be24e767f90","_req":null}}
2023-11-04T08:42:01.681Z     +1ms [debug] IoT closed
2023-11-04T08:42:02.609Z   +928ms [debug] IoT reconnected
2023-11-04T08:42:02.727Z   +118ms [debug] IoT connected
2023-11-04T09:00:00.913Z +1078186ms [debug] IoT error {"errno":-54,"code":"ECONNRESET","syscall":"read","type":"error","target":{"_events":{},"_eventsCount":0,"readyState":3,"bytesReceived":13,"extensions":null,"protocol":"mqttv3.1","_binaryType":"arraybuffer","_closeFrameReceived":false,"_closeFrameSent":false,"_closeMessage":"","_closeTimer":null,"_finalized":true,"_closeCode":1006,"_receiver":null,"_sender":null,"_socket":null,"_ultron":null,"protocolVersion":13,"_isServer":false,"url":"wss://a3625g4mj32b67-ats.iot.eu-west-2.amazonaws.com/mqtt?X-Amz-Algorithm=AWS4-HMAC-SHA256&X-Amz-Credential=AKIATG6K52QH2K6XCFDB%2F20231104%2Feu-west-2%2Fiotdevicegateway%2Faws4_request&X-Amz-Date=20231104T084202Z&X-Amz-SignedHeaders=host&X-Amz-Signature=7bc1f90dc6ec796f15184e1717c31b77dade8ccc0164023c8787f3e187b47329","_req":null}}
2023-11-04T09:00:00.914Z     +1ms [debug] IoT closed
2023-11-04T09:00:01.916Z  +1002ms [debug] IoT reconnected
2023-11-04T09:00:02.029Z   +113ms [debug] IoT connected
2023-11-04T09:14:06.912Z +844883ms [debug] IoT error {"errno":-54,"code":"ECONNRESET","syscall":"read","type":"error","target":{"_events":{},"_eventsCount":0,"readyState":3,"bytesReceived":13,"extensions":null,"protocol":"mqttv3.1","_binaryType":"arraybuffer","_closeFrameReceived":false,"_closeFrameSent":false,"_closeMessage":"","_closeTimer":null,"_finalized":true,"_closeCode":1006,"_receiver":null,"_sender":null,"_socket":null,"_ultron":null,"protocolVersion":13,"_isServer":false,"url":"wss://a3625g4mj32b67-ats.iot.eu-west-2.amazonaws.com/mqtt?X-Amz-Algorithm=AWS4-HMAC-SHA256&X-Amz-Credential=AKIATG6K52QH2K6XCFDB%2F20231104%2Feu-west-2%2Fiotdevicegateway%2Faws4_request&X-Amz-Date=20231104T090001Z&X-Amz-SignedHeaders=host&X-Amz-Signature=b7ba95f424a6c0096babd99ab64085ec4f3a1cf493253072275d8edf38f7493d","_req":null}}
2023-11-04T09:14:06.913Z     +1ms [debug] IoT closed
2023-11-04T09:14:07.973Z  +1060ms [debug] IoT reconnected
2023-11-04T09:14:08.301Z   +328ms [debug] IoT connected
2023-11-04T09:39:55.336Z +1547035ms [debug] IoT error {"errno":-54,"code":"ECONNRESET","syscall":"read","type":"error","target":{"_events":{},"_eventsCount":0,"readyState":3,"bytesReceived":25,"extensions":null,"protocol":"mqttv3.1","_binaryType":"arraybuffer","_closeFrameReceived":false,"_closeFrameSent":false,"_closeMessage":"","_closeTimer":null,"_finalized":true,"_closeCode":1006,"_receiver":null,"_sender":null,"_socket":null,"_ultron":null,"protocolVersion":13,"_isServer":false,"url":"wss://a3625g4mj32b67-ats.iot.eu-west-2.amazonaws.com/mqtt?X-Amz-Algorithm=AWS4-HMAC-SHA256&X-Amz-Credential=AKIATG6K52QH2K6XCFDB%2F20231104%2Feu-west-2%2Fiotdevicegateway%2Faws4_request&X-Amz-Date=20231104T091407Z&X-Amz-SignedHeaders=host&X-Amz-Signature=2168e1407d428e59c45041c755d66c726ff01886daf4adf88281d88683d11d08","_req":null}}
2023-11-04T09:39:55.338Z     +2ms [debug] IoT closed
2023-11-04T09:39:56.426Z  +1088ms [debug] IoT reconnected
2023-11-04T09:39:56.772Z   +346ms [debug] IoT connected
2023-11-04T11:37:50.208Z +7073436ms [debug] IoT error {"errno":-54,"code":"ECONNRESET","syscall":"read","type":"error","target":{"_events":{},"_eventsCount":0,"readyState":3,"bytesReceived":93,"extensions":null,"protocol":"mqttv3.1","_binaryType":"arraybuffer","_closeFrameReceived":false,"_closeFrameSent":false,"_closeMessage":"","_closeTimer":null,"_finalized":true,"_closeCode":1006,"_receiver":null,"_sender":null,"_socket":null,"_ultron":null,"protocolVersion":13,"_isServer":false,"url":"wss://a3625g4mj32b67-ats.iot.eu-west-2.amazonaws.com/mqtt?X-Amz-Algorithm=AWS4-HMAC-SHA256&X-Amz-Credential=AKIATG6K52QH2K6XCFDB%2F20231104%2Feu-west-2%2Fiotdevicegateway%2Faws4_request&X-Amz-Date=20231104T093956Z&X-Amz-SignedHeaders=host&X-Amz-Signature=c05e97a6b26234db949a5bd3537b096152243c7608ae5c4912926a96b6c2cdc8","_req":null}}
2023-11-04T11:37:50.213Z     +5ms [debug] IoT closed
2023-11-04T11:37:51.215Z  +1002ms [debug] IoT reconnected
2023-11-04T11:37:51.413Z   +198ms [debug] IoT connected
2023-11-04T11:54:16.026Z +984613ms [debug] IoT error {"errno":-54,"code":"ECONNRESET","syscall":"read","type":"error","target":{"_events":{},"_eventsCount":0,"readyState":3,"bytesReceived":13,"extensions":null,"protocol":"mqttv3.1","_binaryType":"arraybuffer","_closeFrameReceived":false,"_closeFrameSent":false,"_closeMessage":"","_closeTimer":null,"_finalized":true,"_closeCode":1006,"_receiver":null,"_sender":null,"_socket":null,"_ultron":null,"protocolVersion":13,"_isServer":false,"url":"wss://a3625g4mj32b67-ats.iot.eu-west-2.amazonaws.com/mqtt?X-Amz-Algorithm=AWS4-HMAC-SHA256&X-Amz-Credential=AKIATG6K52QH2K6XCFDB%2F20231104%2Feu-west-2%2Fiotdevicegateway%2Faws4_request&X-Amz-Date=20231104T113751Z&X-Amz-SignedHeaders=host&X-Amz-Signature=6801b9360a795ae8fb3b0cb293ea2954c1df786e1e686399b4a30a04f4df07e8","_req":null}}
2023-11-04T11:54:16.026Z     +0ms [debug] IoT closed
2023-11-04T11:54:17.028Z  +1002ms [debug] IoT reconnected
2023-11-04T11:54:17.156Z   +128ms [debug] IoT connected
2023-11-04T12:04:47.732Z +630576ms [debug] IoT closed
2023-11-04T12:04:48.734Z  +1002ms [debug] IoT reconnected
2023-11-04T12:04:48.757Z    +23ms [debug] IoT error {"errno":-3008,"code":"ENOTFOUND","syscall":"getaddrinfo","hostname":"a3625g4mj32b67-ats.iot.eu-west-2.amazonaws.com","type":"error","target":{"_events":{},"_eventsCount":0,"readyState":3,"bytesReceived":0,"extensions":null,"protocol":"","_binaryType":"arraybuffer","_closeFrameReceived":false,"_closeFrameSent":false,"_closeMessage":"","_closeTimer":null,"_finalized":true,"_closeCode":1006,"_receiver":null,"_sender":null,"_socket":null,"_ultron":null,"protocolVersion":13,"_isServer":false,"url":"wss://a3625g4mj32b67-ats.iot.eu-west-2.amazonaws.com/mqtt?X-Amz-Algorithm=AWS4-HMAC-SHA256&X-Amz-Credential=AKIATG6K52QH2K6XCFDB%2F20231104%2Feu-west-2%2Fiotdevicegateway%2Faws4_request&X-Amz-Date=20231104T120448Z&X-Amz-SignedHeaders=host&X-Amz-Signature=997a183c00ddfaf20361cf30b097b9e9915c85175003e883da08e304cc3900a2","_req":null}}
2023-11-04T12:04:48.758Z     +1ms [debug] IoT closed
2023-11-04T12:04:50.760Z  +2002ms [debug] IoT reconnected
2023-11-04T12:04:50.767Z     +7ms [debug] IoT error {"errno":-3008,"code":"ENOTFOUND","syscall":"getaddrinfo","hostname":"a3625g4mj32b67-ats.iot.eu-west-2.amazonaws.com","type":"error","target":{"_events":{},"_eventsCount":0,"readyState":3,"bytesReceived":0,"extensions":null,"protocol":"","_binaryType":"arraybuffer","_closeFrameReceived":false,"_closeFrameSent":false,"_closeMessage":"","_closeTimer":null,"_finalized":true,"_closeCode":1006,"_receiver":null,"_sender":null,"_socket":null,"_ultron":null,"protocolVersion":13,"_isServer":false,"url":"wss://a3625g4mj32b67-ats.iot.eu-west-2.amazonaws.com/mqtt?X-Amz-Algorithm=AWS4-HMAC-SHA256&X-Amz-Credential=AKIATG6K52QH2K6XCFDB%2F20231104%2Feu-west-2%2Fiotdevicegateway%2Faws4_request&X-Amz-Date=20231104T120450Z&X-Amz-SignedHeaders=host&X-Amz-Signature=e8dcad8554427ba327451cc451d376ea5e3426f63c38100c6abef7081f130120","_req":null}}
2023-11-04T12:04:50.767Z     +0ms [debug] IoT closed
2023-11-04T12:04:54.770Z  +4003ms [debug] IoT reconnected
2023-11-04T12:04:54.776Z     +6ms [debug] IoT error {"errno":-3008,"code":"ENOTFOUND","syscall":"getaddrinfo","hostname":"a3625g4mj32b67-ats.iot.eu-west-2.amazonaws.com","type":"error","target":{"_events":{},"_eventsCount":0,"readyState":3,"bytesReceived":0,"extensions":null,"protocol":"","_binaryType":"arraybuffer","_closeFrameReceived":false,"_closeFrameSent":false,"_closeMessage":"","_closeTimer":null,"_finalized":true,"_closeCode":1006,"_receiver":null,"_sender":null,"_socket":null,"_ultron":null,"protocolVersion":13,"_isServer":false,"url":"wss://a3625g4mj32b67-ats.iot.eu-west-2.amazonaws.com/mqtt?X-Amz-Algorithm=AWS4-HMAC-SHA256&X-Amz-Credential=AKIATG6K52QH2K6XCFDB%2F20231104%2Feu-west-2%2Fiotdevicegateway%2Faws4_request&X-Amz-Date=20231104T120454Z&X-Amz-SignedHeaders=host&X-Amz-Signature=8e541103d659b6941dd2899a4ff071312462b50cfb027aace6e9985d0457839a","_req":null}}
2023-11-04T12:04:54.777Z     +1ms [debug] IoT closed
2023-11-04T12:05:02.778Z  +8001ms [debug] IoT reconnected
2023-11-04T12:05:02.791Z    +13ms [debug] IoT error {"errno":-3008,"code":"ENOTFOUND","syscall":"getaddrinfo","hostname":"a3625g4mj32b67-ats.iot.eu-west-2.amazonaws.com","type":"error","target":{"_events":{},"_eventsCount":0,"readyState":3,"bytesReceived":0,"extensions":null,"protocol":"","_binaryType":"arraybuffer","_closeFrameReceived":false,"_closeFrameSent":false,"_closeMessage":"","_closeTimer":null,"_finalized":true,"_closeCode":1006,"_receiver":null,"_sender":null,"_socket":null,"_ultron":null,"protocolVersion":13,"_isServer":false,"url":"wss://a3625g4mj32b67-ats.iot.eu-west-2.amazonaws.com/mqtt?X-Amz-Algorithm=AWS4-HMAC-SHA256&X-Amz-Credential=AKIATG6K52QH2K6XCFDB%2F20231104%2Feu-west-2%2Fiotdevicegateway%2Faws4_request&X-Amz-Date=20231104T120502Z&X-Amz-SignedHeaders=host&X-Amz-Signature=125061523a0859df35f4608c8de688a64bde412d358be9711609aeaa3d3e0b85","_req":null}}
2023-11-04T12:05:02.791Z     +0ms [debug] IoT closed
2023-11-04T13:04:01.866Z +3539075ms [debug] IoT reconnected
2023-11-04T13:04:01.877Z    +11ms [debug] IoT error {"errno":-3008,"code":"ENOTFOUND","syscall":"getaddrinfo","hostname":"a3625g4mj32b67-ats.iot.eu-west-2.amazonaws.com","type":"error","target":{"_events":{},"_eventsCount":0,"readyState":3,"bytesReceived":0,"extensions":null,"protocol":"","_binaryType":"arraybuffer","_closeFrameReceived":false,"_closeFrameSent":false,"_closeMessage":"","_closeTimer":null,"_finalized":true,"_closeCode":1006,"_receiver":null,"_sender":null,"_socket":null,"_ultron":null,"protocolVersion":13,"_isServer":false,"url":"wss://a3625g4mj32b67-ats.iot.eu-west-2.amazonaws.com/mqtt?X-Amz-Algorithm=AWS4-HMAC-SHA256&X-Amz-Credential=AKIATG6K52QH2K6XCFDB%2F20231104%2Feu-west-2%2Fiotdevicegateway%2Faws4_request&X-Amz-Date=20231104T130401Z&X-Amz-SignedHeaders=host&X-Amz-Signature=932feb2f1ff2644218528c3e0a92fab0e0107b4f0485a25422b3847f826b7a8d","_req":null}}
2023-11-04T13:04:01.877Z     +0ms [debug] IoT closed
2023-11-04T13:04:33.880Z +32003ms [debug] IoT reconnected
2023-11-04T13:04:33.885Z     +5ms [debug] IoT error {"errno":-3008,"code":"ENOTFOUND","syscall":"getaddrinfo","hostname":"a3625g4mj32b67-ats.iot.eu-west-2.amazonaws.com","type":"error","target":{"_events":{},"_eventsCount":0,"readyState":3,"bytesReceived":0,"extensions":null,"protocol":"","_binaryType":"arraybuffer","_closeFrameReceived":false,"_closeFrameSent":false,"_closeMessage":"","_closeTimer":null,"_finalized":true,"_closeCode":1006,"_receiver":null,"_sender":null,"_socket":null,"_ultron":null,"protocolVersion":13,"_isServer":false,"url":"wss://a3625g4mj32b67-ats.iot.eu-west-2.amazonaws.com/mqtt?X-Amz-Algorithm=AWS4-HMAC-SHA256&X-Amz-Credential=AKIATG6K52QH2K6XCFDB%2F20231104%2Feu-west-2%2Fiotdevicegateway%2Faws4_request&X-Amz-Date=20231104T130433Z&X-Amz-SignedHeaders=host&X-Amz-Signature=057df2734908a81cd3211f0740fb3588fb9bf2a9dbff712c496a62866852a621","_req":null}}
2023-11-04T13:04:33.885Z     +0ms [debug] IoT closed
2023-11-04T14:09:47.406Z +3913521ms [debug] IoT reconnected
2023-11-04T14:09:47.511Z   +105ms [debug] IoT error {"errno":-3008,"code":"ENOTFOUND","syscall":"getaddrinfo","hostname":"a3625g4mj32b67-ats.iot.eu-west-2.amazonaws.com","type":"error","target":{"_events":{},"_eventsCount":0,"readyState":3,"bytesReceived":0,"extensions":null,"protocol":"","_binaryType":"arraybuffer","_closeFrameReceived":false,"_closeFrameSent":false,"_closeMessage":"","_closeTimer":null,"_finalized":true,"_closeCode":1006,"_receiver":null,"_sender":null,"_socket":null,"_ultron":null,"protocolVersion":13,"_isServer":false,"url":"wss://a3625g4mj32b67-ats.iot.eu-west-2.amazonaws.com/mqtt?X-Amz-Algorithm=AWS4-HMAC-SHA256&X-Amz-Credential=AKIATG6K52QH2K6XCFDB%2F20231104%2Feu-west-2%2Fiotdevicegateway%2Faws4_request&X-Amz-Date=20231104T140947Z&X-Amz-SignedHeaders=host&X-Amz-Signature=428e5f3a99cb0b8e60b56175aa48a1dbbf117770c3babb69c527b7e8ccaed160","_req":null}}
2023-11-04T14:09:47.511Z     +0ms [debug] IoT closed
2023-11-04T14:09:47.524Z    +13ms [debug] Fetching metadata for stack neil-dev-eastgate-website-Site failed {"errno":-3008,"code":"ENOTFOUND","syscall":"getaddrinfo","hostname":"sstbootstrap-euwest292dc64b9-1iwxg6hhqk95s.s3.eu-west-2.amazonaws.com","$metadata":{"attempts":1,"totalRetryDelay":0}}
